<?xml version="1.0" encoding="UTF-8"?>
<!-- Generated by org.testng.reporters.JUnitXMLReporter -->
<testsuite hostname="DESKTOP-IHD58UK" ignored="1" name="Car Loan" tests="6" failures="0" timestamp="13 Aug 2020 11:20:04 GMT" time="0.113" errors="0">
  <testcase name="MobileloginCarloan" time="0.007" classname="TestTestNg.Day3"/>
  <testcase name="MobilesignoutCarloan" time="0.002" classname="TestTestNg.Day3"/>
  <testcase name="MobilesignoutCarloan" time="0.001" classname="TestTestNg.Day3"/>
  <testcase name="MobilesignoutCarloan" time="0.002" classname="TestTestNg.Day3"/>
  <testcase name="Weblogincarloan" time="0.001" classname="TestTestNg.Day3"/>
  <testcase name="LoginApicarloan" time="0.005" classname="TestTestNg.Day3"/>
  <testcase name="MobilesigninCarloan" time="0.0" classname="TestTestNg.Day3">
    <ignored/>
  </testcase> <!-- MobilesigninCarloan -->
</testsuite> <!-- Car Loan -->
