<?xml version="1.0" encoding="UTF-8"?>
<!-- Generated by org.testng.reporters.JUnitXMLReporter -->
<testsuite hostname="DESKTOP-IHD58UK" ignored="3" name="Regression" tests="8" failures="0" timestamp="11 Aug 2020 17:01:39 GMT" time="0.064" errors="0">
  <testcase name="Demo" time="0.006" classname="TestTestNg.Day1"/>
  <testcase name="Secondtest" time="0.002" classname="TestTestNg.Day1"/>
  <testcase name="LoginApihomeloan" time="0.003" classname="TestTestNg.Day4"/>
  <testcase name="Webloginhomeloan" time="0.002" classname="TestTestNg.Day4"/>
  <testcase name="LoginApicarloan" time="0.002" classname="TestTestNg.Day3"/>
  <testcase name="MobilesigninCarloan" time="0.002" classname="TestTestNg.Day3"/>
  <testcase name="MobilesignoutCarloan" time="0.001" classname="TestTestNg.Day3"/>
  <testcase name="Weblogincarloan" time="0.002" classname="TestTestNg.Day3"/>
  <testcase name="ploan" time="0.0" classname="TestTestNg.Day2">
    <ignored/>
  </testcase> <!-- ploan -->
  <testcase name="Mobileloginhomeloan" time="0.0" classname="TestTestNg.Day4">
    <ignored/>
  </testcase> <!-- Mobileloginhomeloan -->
  <testcase name="MobileloginCarloan" time="0.0" classname="TestTestNg.Day3">
    <ignored/>
  </testcase> <!-- MobileloginCarloan -->
</testsuite> <!-- Regression -->
