<?xml version="1.0" encoding="UTF-8"?>
<testng-results skipped="0" failed="1" ignored="0" total="3" passed="2">
  <reporter-output>
  </reporter-output>
  <suite name="Surefire suite" duration-ms="50" started-at="2020-08-14T06:25:20Z" finished-at="2020-08-14T06:25:20Z">
    <groups>
      <group name="Smoke">
        <method signature="Day4Test.Mobileloginhomeloan()[pri:0, instance:TestTestNg.Day4Test@68837a77]" name="Mobileloginhomeloan" class="TestTestNg.Day4Test"/>
      </group> <!-- Smoke -->
    </groups>
    <test name="Surefire test" duration-ms="50" started-at="2020-08-14T06:25:20Z" finished-at="2020-08-14T06:25:20Z">
      <class name="TestTestNg.Day4Test">
        <test-method status="PASS" signature="LoginApihomeloan()[pri:0, instance:TestTestNg.Day4Test@68837a77]" name="LoginApihomeloan" duration-ms="9" started-at="2020-08-14T06:25:20Z" finished-at="2020-08-14T06:25:20Z">
          <reporter-output>
          </reporter-output>
        </test-method> <!-- LoginApihomeloan -->
        <test-method status="PASS" signature="Mobileloginhomeloan()[pri:0, instance:TestTestNg.Day4Test@68837a77]" name="Mobileloginhomeloan" duration-ms="0" started-at="2020-08-14T06:25:20Z" finished-at="2020-08-14T06:25:20Z">
          <reporter-output>
          </reporter-output>
        </test-method> <!-- Mobileloginhomeloan -->
        <test-method status="FAIL" signature="Webloginhomeloan(java.lang.String)[pri:0, instance:TestTestNg.Day4Test@68837a77]" name="Webloginhomeloan" duration-ms="0" started-at="2020-08-14T06:25:20Z" finished-at="2020-08-14T06:25:20Z">
          <exception class="org.testng.TestNGException">
            <message>
              <![CDATA[
Parameter 'URL' is required by @Test on method Webloginhomeloan but has not been marked @Optional or defined
]]>
            </message>
            <full-stacktrace>
              <![CDATA[org.testng.TestNGException: 
Parameter 'URL' is required by @Test on method Webloginhomeloan but has not been marked @Optional or defined

at org.testng.internal.Parameters.createParams(Parameters.java:290)
at org.testng.internal.Parameters.createParametersForMethod(Parameters.java:359)
at org.testng.internal.Parameters.createParameters(Parameters.java:620)
at org.testng.internal.Parameters.handleParameters(Parameters.java:769)
at org.testng.internal.ParameterHandler.handleParameters(ParameterHandler.java:49)
at org.testng.internal.ParameterHandler.createParameters(ParameterHandler.java:37)
at org.testng.internal.Invoker.invokeTestMethods(Invoker.java:924)
at org.testng.internal.TestMethodWorker.invokeTestMethods(TestMethodWorker.java:125)
at org.testng.internal.TestMethodWorker.run(TestMethodWorker.java:109)
at org.testng.TestRunner.privateRun(TestRunner.java:648)
at org.testng.TestRunner.run(TestRunner.java:505)
at org.testng.SuiteRunner.runTest(SuiteRunner.java:455)
at org.testng.SuiteRunner.runSequentially(SuiteRunner.java:450)
at org.testng.SuiteRunner.privateRun(SuiteRunner.java:415)
at org.testng.SuiteRunner.run(SuiteRunner.java:364)
at org.testng.SuiteRunnerWorker.runSuite(SuiteRunnerWorker.java:52)
at org.testng.SuiteRunnerWorker.run(SuiteRunnerWorker.java:84)
at org.testng.TestNG.runSuitesSequentially(TestNG.java:1208)
at org.testng.TestNG.runSuitesLocally(TestNG.java:1137)
at org.testng.TestNG.runSuites(TestNG.java:1049)
at org.testng.TestNG.run(TestNG.java:1017)
at org.apache.maven.surefire.testng.TestNGExecutor.run(TestNGExecutor.java:135)
at org.apache.maven.surefire.testng.TestNGDirectoryTestSuite.executeSingleClass(TestNGDirectoryTestSuite.java:112)
at org.apache.maven.surefire.testng.TestNGDirectoryTestSuite.execute(TestNGDirectoryTestSuite.java:99)
at org.apache.maven.surefire.testng.TestNGProvider.invoke(TestNGProvider.java:146)
at org.apache.maven.surefire.booter.ForkedBooter.invokeProviderInSameClassLoader(ForkedBooter.java:384)
at org.apache.maven.surefire.booter.ForkedBooter.runSuitesInProcess(ForkedBooter.java:345)
at org.apache.maven.surefire.booter.ForkedBooter.execute(ForkedBooter.java:126)
at org.apache.maven.surefire.booter.ForkedBooter.main(ForkedBooter.java:418)
]]>
            </full-stacktrace>
          </exception> <!-- org.testng.TestNGException -->
          <reporter-output>
          </reporter-output>
        </test-method> <!-- Webloginhomeloan -->
      </class> <!-- TestTestNg.Day4Test -->
    </test> <!-- Surefire test -->
  </suite> <!-- Surefire suite -->
</testng-results>
